PRT1
145
376
4 0 37 (0 0 160 ) (0 0 64 ) (8 0 64 ) (8 0 160 ) 
4 0 36 (8 0 64 ) (696 0 64 ) (696 0 160 ) (8 0 160 ) 
4 0 35 (0 0 296 ) (0 0 160 ) (696 0 160 ) (696 0 296 ) 
4 0 1 (0 0 64 ) (0 0 296 ) (0 448 296 ) (0 448 64 ) 
4 1 110 (0 0 64 ) (0 0 160 ) (-368 0 160 ) (-368 0 64 ) 
4 1 109 (0 0 160 ) (0 0 296 ) (-368 0 296 ) (-368 0 160 ) 
4 1 4 (-8 0 64 ) (-240 0 64 ) (-240 448 64 ) (-8 448 64 ) 
4 1 2 (-368 128 296 ) (-368 264 296 ) (-368 264 248 ) (-368 128 248 ) 
4 1 3 (-368 0 248 ) (-368 0 296 ) (-368 24 296 ) (-368 24 248 ) 
4 2 6 (-384 128 296 ) (-384 264 296 ) (-384 264 248 ) (-384 128 248 ) 
4 3 122 (-384 0 296 ) (-384 0 248 ) (-368 0 248 ) (-368 0 296 ) 
4 3 6 (-384 0 248 ) (-384 0 296 ) (-384 24 296 ) (-384 24 248 ) 
4 4 121 (-8 0 -39 ) (-8 0 64 ) (-240 0 64 ) (-240 0 -39 ) 
4 5 13 (-448 448 303 ) (-448 448 208 ) (-448 432 208 ) (-448 432 303 ) 
4 5 6 (-448 432 303 ) (-448 432 208 ) (-384 432 208 ) (-384 432 303 ) 
4 6 124 (-384 0 208 ) (-384 0 256 ) (-448 0 256 ) (-448 0 208 ) 
4 6 123 (-384 0 256 ) (-384 0 303 ) (-448 0 303 ) (-448 0 256 ) 
4 6 13 (-448 0 208 ) (-448 0 303 ) (-448 432 303 ) (-448 432 208 ) 
4 6 11 (-448 376 208 ) (-448 421 208 ) (-384 421 208 ) (-384 376 208 ) 
4 6 8 (-428 432 208 ) (-400 432 208 ) (-400 421 208 ) (-428 421 208 ) 
4 6 7 (-400 432 208 ) (-384 432 208 ) (-384 421 208 ) (-400 421 208 ) 
4 6 10 (-448 421 208 ) (-448 432 208 ) (-428 432 208 ) (-428 421 208 ) 
4 7 11 (-384 421 208 ) (-400 421 208 ) (-400 421 64 ) (-384 421 64 ) 
4 7 9 (-400 421 64 ) (-400 421 205 ) (-400 432 205 ) (-400 432 64 ) 
4 7 8 (-400 421 205 ) (-400 421 208 ) (-400 432 208 ) (-400 432 205 ) 
4 8 11 (-400 421 208 ) (-428 421 208 ) (-428 421 205 ) (-400 421 205 ) 
4 8 10 (-428 421 205 ) (-428 421 208 ) (-428 432 208 ) (-428 432 205 ) 
4 8 9 (-428 421 205 ) (-428 432 205 ) (-400 432 205 ) (-400 421 205 ) 
4 9 11 (-428 421 205 ) (-428 421 64 ) (-400 421 64 ) (-400 421 205 ) 
4 9 10 (-428 421 64 ) (-428 421 205 ) (-428 432 205 ) (-428 432 64 ) 
4 10 11 (-428 421 208 ) (-448 421 208 ) (-448 421 64 ) (-428 421 64 ) 
4 11 12 (-448 376 192 ) (-448 376 64 ) (-384 376 64 ) (-384 376 192 ) 
4 12 134 (-384 0 64 ) (-384 0 192 ) (-448 0 192 ) (-448 0 64 ) 
4 12 17 (-448 240 64 ) (-448 144 64 ) (-448 144 192 ) (-448 240 192 ) 
4 13 124 (-461 0 208 ) (-448 0 208 ) (-448 0 256 ) (-461 0 256 ) 
4 13 123 (-448 0 256 ) (-448 0 303 ) (-461 0 303 ) (-461 0 256 ) 
4 13 16 (-461 384 208 ) (-461 0 208 ) (-461 0 256 ) (-461 384 256 ) 
4 13 15 (-461 0 256 ) (-461 0 303 ) (-461 384 303 ) (-461 384 256 ) 
4 13 14 (-461 448 208 ) (-461 384 208 ) (-461 384 303 ) (-461 448 303 ) 
4 14 18 (-464 448 303 ) (-464 448 208 ) (-464 384 208 ) (-464 384 303 ) 
4 14 16 (-464 384 208 ) (-461 384 208 ) (-461 384 256 ) (-464 384 256 ) 
4 14 15 (-461 384 256 ) (-461 384 303 ) (-464 384 303 ) (-464 384 256 ) 
4 15 123 (-464 0 303 ) (-464 0 256 ) (-461 0 256 ) (-461 0 303 ) 
4 15 19 (-464 381 303 ) (-464 384 303 ) (-464 384 256 ) (-464 381 256 ) 
4 15 21 (-464 0 256 ) (-464 0 303 ) (-464 381 303 ) (-464 381 256 ) 
4 15 16 (-464 0 256 ) (-464 384 256 ) (-461 384 256 ) (-461 0 256 ) 
4 16 125 (-464 0 256 ) (-464 0 208 ) (-461 0 208 ) (-461 0 256 ) 
4 16 20 (-464 384 208 ) (-464 381 208 ) (-464 381 256 ) (-464 384 256 ) 
4 16 21 (-464 381 208 ) (-464 0 208 ) (-464 0 256 ) (-464 381 256 ) 
4 17 23 (-464 240 64 ) (-464 144 64 ) (-464 144 192 ) (-464 240 192 ) 
4 18 24 (-738 448 303 ) (-738 448 208 ) (-738 384 208 ) (-738 384 303 ) 
4 18 20 (-738 384 208 ) (-464 384 208 ) (-464 384 256 ) (-738 384 256 ) 
4 18 19 (-464 384 256 ) (-464 384 303 ) (-738 384 303 ) (-738 384 256 ) 
4 19 25 (-738 381 296 ) (-738 381 303 ) (-738 384 303 ) (-738 384 296 ) 
4 19 21 (-464 381 256 ) (-464 381 303 ) (-738 381 303 ) (-738 381 256 ) 
4 19 20 (-464 381 256 ) (-738 381 256 ) (-738 384 256 ) (-464 384 256 ) 
4 20 21 (-738 381 208 ) (-464 381 208 ) (-464 381 256 ) (-738 381 256 ) 
4 21 125 (-738 0 256 ) (-738 0 208 ) (-464 0 208 ) (-464 0 256 ) 
4 21 123 (-738 0 303 ) (-738 0 256 ) (-464 0 256 ) (-464 0 303 ) 
4 21 29 (-738 345 208 ) (-738 0 208 ) (-738 0 303 ) (-738 345 303 ) 
4 21 27 (-738 345 296 ) (-738 345 303 ) (-738 352 303 ) (-738 352 296 ) 
4 21 25 (-738 352 296 ) (-738 352 303 ) (-738 381 303 ) (-738 381 296 ) 
4 21 23 (-738 0 208 ) (-738 381 208 ) (-464 381 208 ) (-464 0 208 ) 
4 22 23 (-464 381 64 ) (-464 381 192 ) (-738 381 192 ) (-738 381 64 ) 
4 23 135 (-672 0 64 ) (-576 0 64 ) (-576 0 192 ) (-672 0 192 ) 
4 23 33 (-738 345 64 ) (-738 0 64 ) (-738 0 208 ) (-738 345 208 ) 
4 24 26 (-744 448 303 ) (-744 448 208 ) (-744 384 208 ) (-744 384 303 ) 
4 24 25 (-744 384 303 ) (-744 384 296 ) (-738 384 296 ) (-738 384 303 ) 
4 25 27 (-738 352 296 ) (-738 352 303 ) (-744 352 303 ) (-744 352 296 ) 
4 25 26 (-744 352 296 ) (-744 352 303 ) (-744 384 303 ) (-744 384 296 ) 
4 26 28 (-832 352 303 ) (-832 352 208 ) (-768 352 208 ) (-768 352 303 ) 
4 26 27 (-744 352 296 ) (-744 352 303 ) (-768 352 303 ) (-768 352 296 ) 
4 27 30 (-765 345 303 ) (-768 345 303 ) (-768 345 296 ) (-765 345 296 ) 
4 27 29 (-738 345 296 ) (-738 345 303 ) (-765 345 303 ) (-765 345 296 ) 
4 27 28 (-768 352 303 ) (-768 352 296 ) (-768 345 296 ) (-768 345 303 ) 
4 28 32 (-832 345 303 ) (-832 345 208 ) (-768 345 208 ) (-768 345 303 ) 
4 29 125 (-765 0 208 ) (-738 0 208 ) (-738 0 256 ) (-765 0 256 ) 
4 29 123 (-738 0 256 ) (-738 0 303 ) (-765 0 303 ) (-765 0 256 ) 
4 29 33 (-765 345 208 ) (-738 345 208 ) (-738 0 208 ) (-765 0 208 ) 
4 29 31 (-765 345 208 ) (-765 0 208 ) (-765 0 256 ) (-765 345 256 ) 
4 29 30 (-765 0 256 ) (-765 0 303 ) (-765 345 303 ) (-765 345 256 ) 
4 30 123 (-765 0 256 ) (-765 0 303 ) (-768 0 303 ) (-768 0 256 ) 
4 30 32 (-768 0 256 ) (-768 0 303 ) (-768 345 303 ) (-768 345 256 ) 
4 30 31 (-768 0 256 ) (-768 345 256 ) (-765 345 256 ) (-765 0 256 ) 
4 31 125 (-768 0 208 ) (-765 0 208 ) (-765 0 256 ) (-768 0 256 ) 
4 31 32 (-768 345 208 ) (-768 0 208 ) (-768 0 256 ) (-768 345 256 ) 
4 32 127 (-832 0 256 ) (-832 0 208 ) (-768 0 208 ) (-768 0 256 ) 
4 32 123 (-832 0 303 ) (-832 0 256 ) (-768 0 256 ) (-768 0 303 ) 
4 33 34 (-765 345 192 ) (-765 345 64 ) (-765 0 64 ) (-765 0 192 ) 
4 35 117 (0 -458 160 ) (0 -696 160 ) (0 -696 296 ) (0 -458 296 ) 
4 35 113 (0 -320 160 ) (0 -458 160 ) (0 -458 296 ) (0 -320 296 ) 
4 35 109 (0 0 296 ) (0 0 160 ) (0 -320 160 ) (0 -320 296 ) 
4 35 66 (0 -696 192 ) (0 -696 160 ) (296 -696 160 ) (296 -696 192 ) 
4 35 65 (0 -696 208 ) (0 -696 192 ) (232 -696 192 ) (232 -696 208 ) 
4 35 59 (0 -696 248 ) (0 -696 208 ) (232 -696 208 ) (232 -696 248 ) 
4 35 58 (0 -696 296 ) (0 -696 248 ) (232 -696 248 ) (232 -696 296 ) 
4 35 42 (570 -696 296 ) (448 -696 296 ) (448 -696 248 ) (570 -696 248 ) 
4 35 43 (322 -696 296 ) (248 -696 296 ) (248 -696 248 ) (322 -696 248 ) 
4 35 40 (8 -696 160 ) (0 -696 160 ) (0 -474 160 ) (8 -474 160 ) 
4 35 39 (696 -458 160 ) (696 -696 160 ) (8 -696 160 ) (8 -458 160 ) 
4 35 38 (696 -320 160 ) (696 -458 160 ) (0 -458 160 ) (0 -320 160 ) 
4 35 37 (0 -304 160 ) (0 0 160 ) (8 0 160 ) (8 -304 160 ) 
4 35 36 (696 0 160 ) (696 -320 160 ) (8 -320 160 ) (8 0 160 ) 
5 36 38 (86.004417 -320 64 ) (696 -320 64 ) (696 -320 160 ) (8 -320 160 ) (8 -320 110.470718 ) 
4 36 37 (8 0 64 ) (8 -304 64 ) (8 -304 160 ) (8 0 160 ) 
4 37 110 (0 0 160 ) (0 0 64 ) (0 -304 64 ) (0 -304 160 ) 
4 38 113 (0 -458 115.236679 ) (0 -458 160 ) (0 -320 160 ) (0 -320 115.236679 ) 
5 38 39 (86.004417 -458 64 ) (696 -458 64 ) (696 -458 160 ) (8 -458 160 ) (8 -458 110.470718 ) 
4 39 66 (8 -696 64 ) (296 -696 64 ) (296 -696 160 ) (8 -696 160 ) 
4 39 40 (8 -474 64 ) (8 -696 64 ) (8 -696 160 ) (8 -474 160 ) 
4 40 120 (0 -474 64 ) (0 -696 64 ) (0 -696 160 ) (0 -474 160 ) 
4 40 66 (0 -696 160 ) (0 -696 64 ) (8 -696 64 ) (8 -696 160 ) 
4 41 91 (248 -1024 303 ) (248 -1024 296 ) (602 -1024 296 ) (602 -1024 303 ) 
4 41 80 (602 -1024 296 ) (696 -1024 296 ) (696 -1024 303 ) (602 -1024 303 ) 
4 41 53 (328 -1024 296 ) (325 -1024 296 ) (325 -792 296 ) (328 -792 296 ) 
4 41 55 (325 -1024 296 ) (248 -1024 296 ) (248 -792 296 ) (325 -792 296 ) 
4 41 50 (632 -1024 296 ) (629 -1024 296 ) (629 -792 296 ) (632 -792 296 ) 
4 41 52 (629 -1024 296 ) (328 -1024 296 ) (328 -792 296 ) (629 -792 296 ) 
4 41 49 (696 -1024 296 ) (632 -1024 296 ) (632 -792 296 ) (696 -792 296 ) 
4 41 46 (632 -789 296 ) (632 -792 296 ) (325 -792 296 ) (325 -789 296 ) 
4 41 45 (325 -712 296 ) (632 -712 296 ) (632 -789 296 ) (325 -789 296 ) 
4 41 48 (248 -792 296 ) (248 -712 296 ) (325 -712 296 ) (325 -792 296 ) 
4 41 44 (632 -712 296 ) (696 -712 296 ) (696 -792 296 ) (632 -792 296 ) 
4 42 45 (448 -712 248 ) (570 -712 248 ) (570 -712 296 ) (448 -712 296 ) 
4 43 48 (248 -712 296 ) (248 -712 248 ) (322 -712 248 ) (322 -712 296 ) 
4 44 63 (632 -776 208 ) (632 -712 208 ) (669 -712 208 ) (669 -776 208 ) 
4 44 61 (680 -732 208 ) (680 -759 208 ) (669 -759 208 ) (669 -732 208 ) 
4 44 60 (669 -712 208 ) (680 -712 208 ) (680 -732 208 ) (669 -732 208 ) 
4 44 62 (680 -759 208 ) (680 -776 208 ) (669 -776 208 ) (669 -759 208 ) 
4 44 49 (632 -792 208 ) (696 -792 208 ) (696 -792 296 ) (632 -792 296 ) 
4 44 47 (632 -789 208 ) (632 -792 208 ) (632 -792 256 ) (632 -789 256 ) 
4 44 46 (632 -792 256 ) (632 -792 296 ) (632 -789 296 ) (632 -789 256 ) 
4 44 45 (632 -712 296 ) (632 -712 208 ) (632 -789 208 ) (632 -789 296 ) 
4 45 63 (626 -712 208 ) (632 -712 208 ) (632 -776 208 ) (626 -776 208 ) 
4 45 47 (325 -789 256 ) (325 -789 208 ) (632 -789 208 ) (632 -789 256 ) 
4 45 46 (325 -789 296 ) (325 -789 256 ) (632 -789 256 ) (632 -789 296 ) 
4 45 48 (325 -712 296 ) (325 -712 208 ) (325 -789 208 ) (325 -789 296 ) 
4 46 53 (328 -792 296 ) (325 -792 296 ) (325 -792 256 ) (328 -792 256 ) 
4 46 50 (632 -792 256 ) (632 -792 296 ) (629 -792 296 ) (629 -792 256 ) 
4 46 52 (629 -792 296 ) (328 -792 296 ) (328 -792 256 ) (629 -792 256 ) 
4 46 48 (325 -792 256 ) (325 -792 296 ) (325 -789 296 ) (325 -789 256 ) 
4 46 47 (325 -792 256 ) (325 -789 256 ) (632 -789 256 ) (632 -792 256 ) 
4 47 54 (325 -792 208 ) (328 -792 208 ) (328 -792 256 ) (325 -792 256 ) 
4 47 51 (629 -792 208 ) (632 -792 208 ) (632 -792 256 ) (629 -792 256 ) 
4 47 52 (328 -792 208 ) (629 -792 208 ) (629 -792 256 ) (328 -792 256 ) 
4 47 48 (325 -789 208 ) (325 -792 208 ) (325 -792 256 ) (325 -789 256 ) 
4 48 56 (248 -792 248 ) (248 -792 296 ) (248 -712 296 ) (248 -712 248 ) 
4 48 55 (248 -792 296 ) (248 -792 208 ) (325 -792 208 ) (325 -792 296 ) 
4 49 81 (632 -1024 256 ) (632 -1024 208 ) (696 -1024 208 ) (696 -1024 256 ) 
4 49 80 (696 -1024 296 ) (632 -1024 296 ) (632 -1024 256 ) (696 -1024 256 ) 
4 49 51 (632 -792 256 ) (632 -792 208 ) (632 -1024 208 ) (632 -1024 256 ) 
4 49 50 (632 -792 296 ) (632 -792 256 ) (632 -1024 256 ) (632 -1024 296 ) 
4 50 80 (632 -1024 296 ) (629 -1024 296 ) (629 -1024 256 ) (632 -1024 256 ) 
4 50 52 (629 -792 296 ) (629 -792 256 ) (629 -1024 256 ) (629 -1024 296 ) 
4 50 51 (629 -1024 256 ) (629 -792 256 ) (632 -792 256 ) (632 -1024 256 ) 
4 51 82 (629 -1024 256 ) (629 -1024 208 ) (632 -1024 208 ) (632 -1024 256 ) 
4 51 52 (629 -792 256 ) (629 -792 208 ) (629 -1024 208 ) (629 -1024 256 ) 
4 52 92 (328 -1024 256 ) (328 -1024 208 ) (602 -1024 208 ) (602 -1024 256 ) 
4 52 91 (602 -1024 296 ) (328 -1024 296 ) (328 -1024 256 ) (602 -1024 256 ) 
4 52 83 (602 -1024 256 ) (602 -1024 208 ) (629 -1024 208 ) (629 -1024 256 ) 
4 52 80 (629 -1024 296 ) (602 -1024 296 ) (602 -1024 256 ) (629 -1024 256 ) 
4 52 64 (629 -1024 208 ) (328 -1024 208 ) (328 -792 208 ) (629 -792 208 ) 
4 52 54 (328 -792 256 ) (328 -792 208 ) (328 -1024 208 ) (328 -1024 256 ) 
4 52 53 (328 -792 296 ) (328 -792 256 ) (328 -1024 256 ) (328 -1024 296 ) 
4 53 91 (328 -1024 296 ) (325 -1024 296 ) (325 -1024 256 ) (328 -1024 256 ) 
4 53 55 (325 -792 296 ) (325 -792 256 ) (325 -1024 256 ) (325 -1024 296 ) 
4 53 54 (325 -1024 256 ) (325 -792 256 ) (328 -792 256 ) (328 -1024 256 ) 
4 54 95 (325 -1024 256 ) (325 -1024 208 ) (328 -1024 208 ) (328 -1024 256 ) 
4 54 55 (325 -792 256 ) (325 -792 208 ) (325 -1024 208 ) (325 -1024 256 ) 
4 55 97 (248 -1024 256 ) (248 -1024 208 ) (325 -1024 208 ) (325 -1024 256 ) 
4 55 91 (325 -1024 296 ) (248 -1024 296 ) (248 -1024 256 ) (325 -1024 256 ) 
4 55 56 (248 -816 296 ) (248 -792 296 ) (248 -792 248 ) (248 -816 248 ) 
4 55 57 (248 -1024 248 ) (248 -1024 296 ) (248 -920 296 ) (248 -920 248 ) 
4 56 58 (232 -712 248 ) (232 -816 248 ) (232 -816 296 ) (232 -712 296 ) 
4 57 107 (248 -1024 296 ) (232 -1024 296 ) (232 -1024 248 ) (248 -1024 248 ) 
4 57 58 (232 -920 248 ) (232 -1024 248 ) (232 -1024 296 ) (232 -920 296 ) 
4 58 117 (0 -1024 248 ) (0 -1024 296 ) (0 -696 296 ) (0 -696 248 ) 
4 58 108 (232 -1024 296 ) (0 -1024 296 ) (0 -1024 248 ) (232 -1024 248 ) 
4 58 59 (0 -696 248 ) (232 -696 248 ) (232 -1024 248 ) (0 -1024 248 ) 
4 59 117 (0 -1024 208 ) (0 -1024 248 ) (0 -696 248 ) (0 -696 208 ) 
4 59 108 (0 -1024 248 ) (0 -1024 208 ) (232 -1024 208 ) (232 -1024 248 ) 
4 59 65 (0 -1024 208 ) (0 -696 208 ) (232 -696 208 ) (232 -1024 208 ) 
4 60 67 (669 -712 192 ) (680 -712 192 ) (680 -732 192 ) (669 -732 192 ) 
4 60 63 (669 -712 208 ) (669 -712 192 ) (669 -732 192 ) (669 -732 208 ) 
4 60 61 (669 -732 208 ) (669 -732 192 ) (680 -732 192 ) (680 -732 208 ) 
4 61 68 (680 -732 192 ) (680 -759 192 ) (669 -759 192 ) (669 -732 192 ) 
4 61 63 (669 -732 192 ) (669 -759 192 ) (669 -759 208 ) (669 -732 208 ) 
4 61 62 (669 -759 208 ) (669 -759 192 ) (680 -759 192 ) (680 -759 208 ) 
4 62 69 (680 -759 192 ) (680 -776 192 ) (669 -776 192 ) (669 -759 192 ) 
4 62 63 (669 -759 192 ) (669 -776 192 ) (669 -776 208 ) (669 -759 208 ) 
4 63 70 (626 -712 192 ) (669 -712 192 ) (669 -776 192 ) (626 -776 192 ) 
4 64 98 (602 -1024 208 ) (328 -1024 208 ) (328 -1024 192 ) (602 -1024 192 ) 
4 64 85 (629 -1024 208 ) (602 -1024 208 ) (602 -1024 192 ) (629 -1024 192 ) 
4 64 76 (629 -1024 192 ) (328 -1024 192 ) (328 -792 192 ) (629 -792 192 ) 
4 65 117 (0 -1024 192 ) (0 -1024 208 ) (0 -696 208 ) (0 -696 192 ) 
4 65 108 (232 -1024 208 ) (0 -1024 208 ) (0 -1024 192 ) (232 -1024 192 ) 
4 65 79 (232 -1024 192 ) (0 -1024 192 ) (0 -792 192 ) (232 -792 192 ) 
4 65 75 (0 -792 192 ) (0 -776 192 ) (232 -776 192 ) (232 -792 192 ) 
4 65 72 (0 -776 192 ) (0 -712 192 ) (232 -712 192 ) (232 -776 192 ) 
4 65 66 (0 -712 192 ) (0 -696 192 ) (232 -696 192 ) (232 -712 192 ) 
4 66 120 (0 -712 64 ) (0 -712 160 ) (0 -696 160 ) (0 -696 64 ) 
4 66 117 (0 -712 160 ) (0 -712 192 ) (0 -696 192 ) (0 -696 160 ) 
4 66 72 (232 -712 192 ) (0 -712 192 ) (0 -712 64 ) (232 -712 64 ) 
4 66 71 (248 -712 192 ) (232 -712 192 ) (232 -712 64 ) (248 -712 64 ) 
4 66 70 (296 -712 192 ) (248 -712 192 ) (248 -712 64 ) (296 -712 64 ) 
4 67 70 (669 -712 192 ) (669 -712 64 ) (669 -732 64 ) (669 -732 192 ) 
4 67 68 (669 -732 192 ) (669 -732 64 ) (680 -732 64 ) (680 -732 192 ) 
4 68 69 (669 -759 192 ) (669 -759 64 ) (680 -759 64 ) (680 -759 192 ) 
4 68 70 (669 -732 64 ) (669 -759 64 ) (669 -759 192 ) (669 -732 192 ) 
4 69 70 (669 -759 64 ) (669 -776 64 ) (669 -776 192 ) (669 -759 192 ) 
4 70 74 (312 -776 192 ) (248 -776 192 ) (248 -776 64 ) (312 -776 64 ) 
4 70 73 (536 -776 192 ) (440 -776 192 ) (440 -776 64 ) (536 -776 64 ) 
4 70 71 (248 -712 192 ) (248 -712 64 ) (248 -760 64 ) (248 -760 192 ) 
4 71 72 (232 -712 192 ) (232 -712 64 ) (232 -760 64 ) (232 -760 192 ) 
4 72 120 (0 -776 64 ) (0 -776 160 ) (0 -712 160 ) (0 -712 64 ) 
4 72 117 (0 -776 160 ) (0 -776 192 ) (0 -712 192 ) (0 -712 160 ) 
4 72 75 (232 -776 64 ) (232 -776 192 ) (0 -776 192 ) (0 -776 64 ) 
4 73 76 (536 -792 192 ) (440 -792 192 ) (440 -792 64 ) (536 -792 64 ) 
4 74 78 (312 -792 192 ) (248 -792 192 ) (248 -792 64 ) (312 -792 64 ) 
4 75 120 (0 -792 64 ) (0 -792 160 ) (0 -776 160 ) (0 -776 64 ) 
4 75 117 (0 -792 160 ) (0 -792 192 ) (0 -776 192 ) (0 -776 160 ) 
4 75 79 (232 -792 192 ) (0 -792 192 ) (0 -792 64 ) (232 -792 64 ) 
4 76 98 (602 -1024 192 ) (328 -1024 192 ) (328 -1024 64 ) (602 -1024 64 ) 
4 76 84 (696 -1024 64 ) (696 -1024 192 ) (629 -1024 192 ) (629 -1024 64 ) 
4 76 85 (629 -1024 192 ) (602 -1024 192 ) (602 -1024 64 ) (629 -1024 64 ) 
4 76 77 (328 -936 64 ) (328 -1024 64 ) (328 -1024 192 ) (328 -936 192 ) 
4 77 100 (328 -1024 192 ) (312 -1024 192 ) (312 -1024 64 ) (328 -1024 64 ) 
4 77 78 (312 -936 64 ) (312 -1024 64 ) (312 -1024 192 ) (312 -936 192 ) 
4 78 101 (312 -1024 192 ) (248 -1024 192 ) (248 -1024 64 ) (312 -1024 64 ) 
4 79 120 (0 -1024 64 ) (0 -1024 160 ) (0 -792 160 ) (0 -792 64 ) 
4 79 117 (0 -1024 160 ) (0 -1024 192 ) (0 -792 192 ) (0 -792 160 ) 
4 79 108 (232 -1024 64 ) (232 -1024 192 ) (0 -1024 192 ) (0 -1024 64 ) 
4 80 91 (602 -1137 256 ) (602 -1137 303 ) (602 -1024 303 ) (602 -1024 256 ) 
4 80 87 (602 -1137 303 ) (602 -1137 296 ) (632 -1137 296 ) (632 -1137 303 ) 
4 80 86 (632 -1137 256 ) (696 -1137 256 ) (696 -1137 303 ) (632 -1137 303 ) 
4 80 82 (632 -1137 256 ) (629 -1137 256 ) (629 -1024 256 ) (632 -1024 256 ) 
4 80 81 (696 -1137 256 ) (632 -1137 256 ) (632 -1024 256 ) (696 -1024 256 ) 
4 80 83 (629 -1137 256 ) (602 -1137 256 ) (602 -1024 256 ) (629 -1024 256 ) 
4 81 86 (632 -1137 208 ) (696 -1137 208 ) (696 -1137 256 ) (632 -1137 256 ) 
4 81 82 (632 -1024 208 ) (632 -1137 208 ) (632 -1137 256 ) (632 -1024 256 ) 
4 82 83 (629 -1024 208 ) (629 -1137 208 ) (629 -1137 256 ) (629 -1024 256 ) 
4 83 92 (602 -1137 208 ) (602 -1137 256 ) (602 -1024 256 ) (602 -1024 208 ) 
4 83 85 (629 -1137 208 ) (602 -1137 208 ) (602 -1024 208 ) (629 -1024 208 ) 
4 84 85 (629 -1024 64 ) (629 -1137 64 ) (629 -1137 192 ) (629 -1024 192 ) 
4 85 98 (602 -1024 64 ) (602 -1137 64 ) (602 -1137 208 ) (602 -1024 208 ) 
4 86 88 (696 -1144 208 ) (696 -1144 303 ) (632 -1144 303 ) (632 -1144 208 ) 
4 86 87 (632 -1137 303 ) (632 -1137 296 ) (632 -1144 296 ) (632 -1144 303 ) 
4 87 91 (602 -1144 296 ) (602 -1144 303 ) (602 -1137 303 ) (602 -1137 296 ) 
4 87 89 (602 -1144 303 ) (602 -1144 296 ) (608 -1144 296 ) (608 -1144 303 ) 
4 87 88 (608 -1144 296 ) (632 -1144 296 ) (632 -1144 303 ) (608 -1144 303 ) 
4 88 90 (608 -1176 208 ) (608 -1240 208 ) (608 -1240 303 ) (608 -1176 303 ) 
4 88 89 (608 -1144 303 ) (608 -1144 296 ) (608 -1176 296 ) (608 -1176 303 ) 
4 89 91 (602 -1176 296 ) (602 -1176 303 ) (602 -1144 303 ) (602 -1144 296 ) 
4 89 90 (602 -1176 303 ) (602 -1176 296 ) (608 -1176 296 ) (608 -1176 303 ) 
4 90 94 (602 -1240 208 ) (602 -1240 256 ) (602 -1176 256 ) (602 -1176 208 ) 
4 90 91 (602 -1240 256 ) (602 -1240 303 ) (602 -1176 303 ) (602 -1176 256 ) 
4 91 107 (248 -1056 296 ) (248 -1024 296 ) (248 -1024 256 ) (248 -1056 256 ) 
4 91 96 (328 -1176 256 ) (328 -1240 256 ) (325 -1240 256 ) (325 -1176 256 ) 
4 91 95 (325 -1024 256 ) (328 -1024 256 ) (328 -1176 256 ) (325 -1176 256 ) 
4 91 97 (248 -1240 256 ) (248 -1024 256 ) (325 -1024 256 ) (325 -1240 256 ) 
4 91 93 (602 -1173 256 ) (602 -1176 256 ) (328 -1176 256 ) (328 -1173 256 ) 
4 91 92 (328 -1024 256 ) (602 -1024 256 ) (602 -1173 256 ) (328 -1173 256 ) 
4 91 94 (602 -1176 256 ) (602 -1240 256 ) (328 -1240 256 ) (328 -1176 256 ) 
4 92 98 (328 -1024 208 ) (602 -1024 208 ) (602 -1173 208 ) (328 -1173 208 ) 
4 92 95 (328 -1024 208 ) (328 -1173 208 ) (328 -1173 256 ) (328 -1024 256 ) 
4 92 93 (328 -1173 256 ) (328 -1173 208 ) (602 -1173 208 ) (602 -1173 256 ) 
4 93 95 (328 -1173 208 ) (328 -1176 208 ) (328 -1176 256 ) (328 -1173 256 ) 
4 93 94 (328 -1176 256 ) (328 -1176 208 ) (602 -1176 208 ) (602 -1176 256 ) 
4 94 96 (328 -1176 208 ) (328 -1240 208 ) (328 -1240 256 ) (328 -1176 256 ) 
4 95 97 (325 -1024 208 ) (325 -1176 208 ) (325 -1176 256 ) (325 -1024 256 ) 
4 95 96 (325 -1176 256 ) (325 -1176 208 ) (328 -1176 208 ) (328 -1176 256 ) 
4 96 97 (325 -1176 208 ) (325 -1240 208 ) (325 -1240 256 ) (325 -1176 256 ) 
4 97 107 (248 -1056 256 ) (248 -1024 256 ) (248 -1024 248 ) (248 -1056 248 ) 
4 97 104 (264 -1213 208 ) (292 -1213 208 ) (292 -1224 208 ) (264 -1224 208 ) 
4 97 103 (292 -1213 208 ) (312 -1213 208 ) (312 -1224 208 ) (292 -1224 208 ) 
4 97 106 (248 -1224 208 ) (248 -1213 208 ) (264 -1213 208 ) (264 -1224 208 ) 
4 97 102 (248 -1213 208 ) (248 -1168 208 ) (312 -1168 208 ) (312 -1213 208 ) 
4 98 100 (328 -1024 64 ) (328 -1032 64 ) (328 -1032 192 ) (328 -1024 192 ) 
4 98 99 (328 -1173 192 ) (328 -1173 64 ) (602 -1173 64 ) (602 -1173 192 ) 
4 100 101 (312 -1024 64 ) (312 -1032 64 ) (312 -1032 192 ) (312 -1024 192 ) 
4 101 102 (248 -1168 64 ) (312 -1168 64 ) (312 -1168 192 ) (248 -1168 192 ) 
4 102 105 (264 -1213 64 ) (292 -1213 64 ) (292 -1213 205 ) (264 -1213 205 ) 
4 102 104 (292 -1213 205 ) (292 -1213 208 ) (264 -1213 208 ) (264 -1213 205 ) 
4 102 103 (292 -1213 64 ) (312 -1213 64 ) (312 -1213 208 ) (292 -1213 208 ) 
4 102 106 (248 -1213 64 ) (264 -1213 64 ) (264 -1213 208 ) (248 -1213 208 ) 
4 103 105 (292 -1213 205 ) (292 -1213 64 ) (292 -1224 64 ) (292 -1224 205 ) 
4 103 104 (292 -1213 208 ) (292 -1213 205 ) (292 -1224 205 ) (292 -1224 208 ) 
4 104 106 (264 -1213 208 ) (264 -1213 205 ) (264 -1224 205 ) (264 -1224 208 ) 
4 104 105 (264 -1224 205 ) (264 -1213 205 ) (292 -1213 205 ) (292 -1224 205 ) 
4 105 106 (264 -1213 205 ) (264 -1213 64 ) (264 -1224 64 ) (264 -1224 205 ) 
4 107 108 (232 -1024 296 ) (232 -1024 248 ) (232 -1056 248 ) (232 -1056 296 ) 
4 108 143 (0 -1240 64 ) (0 -1240 296 ) (0 -1024 296 ) (0 -1024 64 ) 
4 109 142 (-368 -96 160 ) (-368 -320 160 ) (-368 -320 296 ) (-368 -96 296 ) 
4 109 141 (-368 -80 160 ) (-368 -96 160 ) (-368 -96 192 ) (-368 -80 192 ) 
4 109 136 (-368 -32 160 ) (-368 -80 160 ) (-368 -80 192 ) (-368 -32 192 ) 
4 109 122 (-368 0 296 ) (-368 0 248 ) (-368 -80 248 ) (-368 -80 296 ) 
4 109 116 (-368 -320 296 ) (-368 -320 160 ) (-243 -320 160 ) (-243 -320 296 ) 
4 109 114 (-243 -320 160 ) (-8 -320 160 ) (-8 -320 296 ) (-243 -320 296 ) 
4 109 113 (-8 -320 160 ) (0 -320 160 ) (0 -320 296 ) (-8 -320 296 ) 
4 109 112 (-259 -320 160 ) (-368 -320 160 ) (-368 -304 160 ) (-259 -304 160 ) 
4 109 110 (-368 -304 160 ) (-368 0 160 ) (0 0 160 ) (0 -304 160 ) 
4 110 142 (-368 -96 64 ) (-368 -304 64 ) (-368 -304 160 ) (-368 -96 160 ) 
4 110 141 (-368 -80 64 ) (-368 -96 64 ) (-368 -96 160 ) (-368 -80 160 ) 
4 110 136 (-368 -32 64 ) (-368 -80 64 ) (-368 -80 160 ) (-368 -32 160 ) 
4 110 121 (-240 0 64 ) (-8 0 64 ) (-8 -304 64 ) (-240 -304 64 ) 
4 110 112 (-368 -304 64 ) (-259 -304 64 ) (-259 -304 160 ) (-368 -304 160 ) 
4 110 111 (-243 -304 64 ) (-8 -304 64 ) (-8 -304 112 ) (-243 -304 112 ) 
4 111 121 (-240 -304 64 ) (-8 -304 64 ) (-8 -320 64 ) (-240 -320 64 ) 
4 111 115 (-243 -320 64 ) (-8 -320 64 ) (-8 -320 112 ) (-243 -320 112 ) 
4 112 142 (-368 -304 64 ) (-368 -320 64 ) (-368 -320 160 ) (-368 -304 160 ) 
5 112 116 (-368 -320 160 ) (-368 -320 64 ) (-337 -320 64 ) (-259 -320 110.468086 ) (-259 -320 160 ) 
4 113 117 (0 -458 160 ) (0 -458 296 ) (-8 -458 296 ) (-8 -458 160 ) 
4 113 114 (-8 -320 296 ) (-8 -320 120.002640 ) (-8 -458 120.002625 ) (-8 -458 296 ) 
4 114 117 (-8 -458 160 ) (-8 -458 296 ) (-243 -458 296 ) (-243 -458 160 ) 
4 114 116 (-243 -320 296 ) (-243 -320 120 ) (-243 -458 120 ) (-243 -458 296 ) 
4 115 121 (-240 -320 64 ) (-8 -320 64 ) (-8 -458 64 ) (-240 -458 64 ) 
4 115 118 (-243 -458 64 ) (-8 -458 64 ) (-8 -458 112 ) (-243 -458 112 ) 
4 116 142 (-368 -320 296 ) (-368 -320 64 ) (-368 -458 64 ) (-368 -458 296 ) 
5 116 119 (-368 -458 160 ) (-368 -458 64 ) (-337 -458 64 ) (-259 -458 110.468102 ) (-259 -458 160 ) 
4 116 117 (-368 -458 296 ) (-368 -458 160 ) (-243 -458 160 ) (-243 -458 296 ) 
4 117 143 (0 -1024 160 ) (0 -1024 296 ) (-368 -1024 296 ) (-368 -1024 160 ) 
4 117 142 (-368 -1024 160 ) (-368 -1024 296 ) (-368 -458 296 ) (-368 -458 160 ) 
4 117 119 (-368 -474 160 ) (-368 -458 160 ) (-259 -458 160 ) (-259 -474 160 ) 
4 117 120 (-368 -1024 160 ) (-368 -474 160 ) (0 -474 160 ) (0 -1024 160 ) 
4 118 121 (-240 -458 64 ) (-8 -458 64 ) (-8 -474 64 ) (-240 -474 64 ) 
4 118 120 (-243 -474 64 ) (-8 -474 64 ) (-8 -474 112 ) (-243 -474 112 ) 
4 119 142 (-368 -474 160 ) (-368 -458 160 ) (-368 -458 64 ) (-368 -474 64 ) 
4 119 120 (-368 -474 64 ) (-259 -474 64 ) (-259 -474 160 ) (-368 -474 160 ) 
4 120 143 (0 -1024 64 ) (0 -1024 160 ) (-368 -1024 160 ) (-368 -1024 64 ) 
4 120 142 (-368 -1024 64 ) (-368 -1024 160 ) (-368 -474 160 ) (-368 -474 64 ) 
4 120 121 (-240 -474 64 ) (-8 -474 64 ) (-8 -1024 64 ) (-240 -1024 64 ) 
4 121 144 (-8 -1024 -39 ) (-8 -1024 64 ) (-240 -1024 64 ) (-240 -1024 -39 ) 
4 122 124 (-384 -80 248 ) (-384 -80 256 ) (-384 0 256 ) (-384 0 248 ) 
4 122 123 (-384 -80 256 ) (-384 -80 296 ) (-384 0 296 ) (-384 0 256 ) 
4 123 128 (-384 -80 256 ) (-384 -80 296 ) (-458 -80 296 ) (-458 -80 256 ) 
4 123 129 (-584 -80 296 ) (-706 -80 296 ) (-706 -80 256 ) (-584 -80 256 ) 
4 123 126 (-461 -3 256 ) (-461 -80 256 ) (-768 -80 256 ) (-768 -3 256 ) 
4 123 125 (-768 0 256 ) (-461 0 256 ) (-461 -3 256 ) (-768 -3 256 ) 
4 123 124 (-461 0 256 ) (-384 0 256 ) (-384 -80 256 ) (-461 -80 256 ) 
4 123 127 (-832 -80 256 ) (-832 0 256 ) (-768 0 256 ) (-768 -80 256 ) 
4 124 128 (-384 -80 248 ) (-384 -80 256 ) (-458 -80 256 ) (-458 -80 248 ) 
4 124 126 (-461 -3 208 ) (-461 -80 208 ) (-461 -80 256 ) (-461 -3 256 ) 
4 124 125 (-461 0 208 ) (-461 -3 208 ) (-461 -3 256 ) (-461 0 256 ) 
4 125 127 (-768 0 208 ) (-768 -3 208 ) (-768 -3 256 ) (-768 0 256 ) 
4 125 126 (-768 -3 256 ) (-768 -3 208 ) (-461 -3 208 ) (-461 -3 256 ) 
4 126 130 (-762 -80 208 ) (-768 -80 208 ) (-768 -16 208 ) (-762 -16 208 ) 
4 126 129 (-584 -80 256 ) (-706 -80 256 ) (-706 -80 248 ) (-584 -80 248 ) 
4 126 127 (-768 -3 208 ) (-768 -80 208 ) (-768 -80 256 ) (-768 -3 256 ) 
4 127 132 (-816 -60 208 ) (-816 -33 208 ) (-805 -33 208 ) (-805 -60 208 ) 
4 127 131 (-816 -33 208 ) (-816 -16 208 ) (-805 -16 208 ) (-805 -33 208 ) 
4 127 133 (-805 -80 208 ) (-816 -80 208 ) (-816 -60 208 ) (-805 -60 208 ) 
4 127 130 (-768 -16 208 ) (-768 -80 208 ) (-805 -80 208 ) (-805 -16 208 ) 
4 128 142 (-458 -96 248 ) (-384 -96 248 ) (-384 -96 296 ) (-458 -96 296 ) 
4 129 142 (-706 -96 248 ) (-584 -96 248 ) (-584 -96 296 ) (-706 -96 296 ) 
4 130 137 (-805 -16 192 ) (-762 -16 192 ) (-762 -80 192 ) (-805 -80 192 ) 
4 130 132 (-805 -33 192 ) (-805 -60 192 ) (-805 -60 208 ) (-805 -33 208 ) 
4 130 131 (-805 -16 208 ) (-805 -16 192 ) (-805 -33 192 ) (-805 -33 208 ) 
4 130 133 (-805 -60 192 ) (-805 -80 192 ) (-805 -80 208 ) (-805 -60 208 ) 
4 131 138 (-816 -16 192 ) (-805 -16 192 ) (-805 -33 192 ) (-816 -33 192 ) 
4 131 132 (-816 -33 208 ) (-816 -33 192 ) (-805 -33 192 ) (-805 -33 208 ) 
4 132 139 (-805 -33 192 ) (-805 -60 192 ) (-816 -60 192 ) (-816 -33 192 ) 
4 132 133 (-816 -60 208 ) (-816 -60 192 ) (-805 -60 192 ) (-805 -60 208 ) 
4 133 140 (-805 -60 192 ) (-805 -80 192 ) (-816 -80 192 ) (-816 -60 192 ) 
4 134 137 (-384 -16 64 ) (-384 -16 192 ) (-448 -16 192 ) (-448 -16 64 ) 
4 135 137 (-576 -16 64 ) (-576 -16 192 ) (-672 -16 192 ) (-672 -16 64 ) 
4 136 141 (-368 -80 64 ) (-368 -80 192 ) (-384 -80 192 ) (-384 -80 64 ) 
4 136 137 (-384 -80 64 ) (-384 -80 192 ) (-384 -32 192 ) (-384 -32 64 ) 
4 137 141 (-384 -80 192 ) (-432 -80 192 ) (-432 -80 64 ) (-384 -80 64 ) 
4 137 139 (-805 -33 64 ) (-805 -60 64 ) (-805 -60 192 ) (-805 -33 192 ) 
4 137 138 (-805 -16 192 ) (-805 -16 64 ) (-805 -33 64 ) (-805 -33 192 ) 
4 137 140 (-805 -60 64 ) (-805 -80 64 ) (-805 -80 192 ) (-805 -60 192 ) 
4 138 139 (-816 -33 192 ) (-816 -33 64 ) (-805 -33 64 ) (-805 -33 192 ) 
4 139 140 (-816 -60 192 ) (-816 -60 64 ) (-805 -60 64 ) (-805 -60 192 ) 
4 141 142 (-368 -96 64 ) (-368 -96 192 ) (-432 -96 192 ) (-432 -96 64 ) 
4 142 143 (-368 -1024 64 ) (-368 -1024 296 ) (-832 -1024 296 ) (-832 -1024 64 ) 
4 143 144 (-240 -1024 64 ) (-8 -1024 64 ) (-8 -1240 64 ) (-240 -1240 64 ) 
